2026-06-11 17:34:03  [INFO    ]  ============================================================
2026-06-11 17:34:03  [INFO    ]    JOB HUNTER  —  2026-06-11  —  Chan Hen
2026-06-11 17:34:03  [INFO    ]  ============================================================
2026-06-11 17:34:03  [DEBUG   ]  Loaded 666 previously seen IDs from seen_jobs.json
2026-06-11 17:34:03  [INFO    ]  🔍 RemoteOK ...
2026-06-11 17:34:03  [INFO    ]    ✓ RemoteOK → 1 relevant jobs
2026-06-11 17:34:03  [DEBUG   ]    fetch_remoteok added 1 raw entries
2026-06-11 17:34:03  [INFO    ]  🔍 Remotive ...
2026-06-11 17:34:06  [INFO    ]    ✓ Remotive → 0 relevant jobs
2026-06-11 17:34:06  [DEBUG   ]    fetch_remotive added 0 raw entries
2026-06-11 17:34:07  [INFO    ]  🔍 Arbeitnow ...
2026-06-11 17:34:08  [INFO    ]    ✓ Arbeitnow → 1 relevant jobs
2026-06-11 17:34:08  [DEBUG   ]    fetch_arbeitnow added 1 raw entries
2026-06-11 17:34:09  [INFO    ]  🔍 Himalayas ...
2026-06-11 17:34:09  [INFO    ]    ✓ Himalayas → 0 relevant jobs
2026-06-11 17:34:09  [DEBUG   ]    fetch_himalayas added 0 raw entries
2026-06-11 17:34:10  [INFO    ]  🔍 We Work Remotely ...
2026-06-11 17:34:12  [INFO    ]    ✓ We Work Remotely → 17 relevant jobs
2026-06-11 17:34:12  [DEBUG   ]    fetch_weworkremotely added 17 raw entries
2026-06-11 17:34:12  [INFO    ]  🔍 Jobicy ...
2026-06-11 17:34:16  [INFO    ]    ✓ Jobicy → 2 relevant jobs
2026-06-11 17:34:16  [DEBUG   ]    fetch_jobicy added 2 raw entries
2026-06-11 17:34:16  [INFO    ]  🔍 GitHub job repos ...
2026-06-11 17:34:17  [INFO    ]    ✓ GitHub job repos → 206 relevant jobs
2026-06-11 17:34:17  [DEBUG   ]    fetch_github_jobs added 206 raw entries
2026-06-11 17:34:18  [INFO    ]  🔍 Adzuna ...
2026-06-11 17:34:21  [INFO    ]    ✓ Adzuna → 0 relevant jobs
2026-06-11 17:34:21  [DEBUG   ]    fetch_adzuna added 0 raw entries
2026-06-11 17:34:22  [INFO    ]  🔍 Eventbrite networking events ...
2026-06-11 17:34:22  [WARNING ]      GET failed [https://www.eventbriteapi.com/v3/events/search/...]: 404 Client Error: NOT FOUND for url: https://www.eventbriteapi.com/v3/events/search/?token=NG2I5TIJWMQPU5GSUM3Z&q=software+engineer+networking&sort_by=date&start_date.keyword=today&location.address=Minneapolis%2C+MN&location.within=50mi
2026-06-11 17:34:22  [WARNING ]      GET failed [https://www.eventbriteapi.com/v3/events/search/...]: 404 Client Error: NOT FOUND for url: https://www.eventbriteapi.com/v3/events/search/?token=NG2I5TIJWMQPU5GSUM3Z&q=tech+meetup+developer&sort_by=date&start_date.keyword=today&location.address=Minneapolis%2C+MN&location.within=50mi
2026-06-11 17:34:22  [WARNING ]      GET failed [https://www.eventbriteapi.com/v3/events/search/...]: 404 Client Error: NOT FOUND for url: https://www.eventbriteapi.com/v3/events/search/?token=NG2I5TIJWMQPU5GSUM3Z&q=startup+networking+tech&sort_by=date&start_date.keyword=today&location.address=Minneapolis%2C+MN&location.within=50mi
2026-06-11 17:34:22  [WARNING ]      GET failed [https://www.eventbriteapi.com/v3/events/search/...]: 404 Client Error: NOT FOUND for url: https://www.eventbriteapi.com/v3/events/search/?token=NG2I5TIJWMQPU5GSUM3Z&q=react+javascript+developer&sort_by=date&start_date.keyword=today&online_events_only=true
2026-06-11 17:34:23  [WARNING ]      GET failed [https://www.eventbriteapi.com/v3/events/search/...]: 404 Client Error: NOT FOUND for url: https://www.eventbriteapi.com/v3/events/search/?token=NG2I5TIJWMQPU5GSUM3Z&q=software+engineer+career+fair&sort_by=date&start_date.keyword=today&online_events_only=true
2026-06-11 17:34:23  [INFO    ]    ✓ Eventbrite → 0 networking events
2026-06-11 17:34:23  [DEBUG   ]    fetch_eventbrite_networking added 0 raw entries
2026-06-11 17:34:24  [INFO    ]  Total raw entries across all sources: 227
2026-06-11 17:34:24  [DEBUG   ]    DUPE skipped: Full-Stack Software Engineer | AI Accelerated | (m/w/d)
2026-06-11 17:34:24  [DEBUG   ]    DUPE skipped: Full-Stack Developer — .NET + React + Azure — Remote (US)
2026-06-11 17:34:24  [DEBUG   ]    DUPE skipped: DevOps Engineer
2026-06-11 17:34:24  [DEBUG   ]    DUPE skipped: Full Stack Engineer (AI-Forward)
2026-06-11 17:34:24  [DEBUG   ]    DUPE skipped: DevOps Engineer III - Transformation Focus
2026-06-11 17:34:24  [DEBUG   ]    DUPE skipped: Junior DevOps Engineer (m/w/d)
2026-06-11 17:34:24  [DEBUG   ]    DUPE skipped: Software engineer
2026-06-11 17:34:24  [DEBUG   ]    DUPE skipped: Full Stack Product Engineer
2026-06-11 17:34:24  [DEBUG   ]    DUPE skipped: DevOps Engineer
2026-06-11 17:34:24  [DEBUG   ]    DUPE skipped: Full-Stack JavaScript Engineer (Remote - LATAM or Europe)
2026-06-11 17:34:24  [DEBUG   ]    DUPE skipped: DevOps Engineer, Futures
2026-06-11 17:34:24  [DEBUG   ]    DUPE skipped: Webapp Offensive Security Software Engineer
2026-06-11 17:34:24  [DEBUG   ]    DUPE skipped: Junior Full-Stack Developer (Laravel and VueJS)
2026-06-11 17:34:24  [DEBUG   ]    DUPE skipped: Full Stack Software Developer 80-100% (f/m/x)
2026-06-11 17:34:24  [DEBUG   ]    DUPE skipped: Web Developer
2026-06-11 17:34:24  [DEBUG   ]    DUPE skipped: Front End Web Developer, WFH
2026-06-11 17:34:24  [DEBUG   ]    DUPE skipped: Frontend Engineer
2026-06-11 17:34:24  [DEBUG   ]    DUPE skipped: Frontend Engineer React and AWS
2026-06-11 17:34:24  [DEBUG   ]    DUPE skipped: Raytheon Software Engineer 1 - Electro-Optical/Infrared Adva
2026-06-11 17:34:24  [DEBUG   ]    DUPE skipped: Entry Level Software Developer – Graduate Leadership Program
2026-06-11 17:34:24  [DEBUG   ]    DUPE skipped: Software Engineer New Grad
2026-06-11 17:34:24  [DEBUG   ]    DUPE skipped: Software Engineer New Grad
2026-06-11 17:34:24  [DEBUG   ]    DUPE skipped: Software Engineer 1
2026-06-11 17:34:24  [DEBUG   ]    DUPE skipped: Software Engineer 1
2026-06-11 17:34:24  [DEBUG   ]    DUPE skipped: Software Engineer - Software Engineer I
2026-06-11 17:34:24  [DEBUG   ]    DUPE skipped: System Integration Software Engineer 1 - System Integration 
2026-06-11 17:34:24  [DEBUG   ]    DUPE skipped: Software Engineer 1 - Rdpl
2026-06-11 17:34:24  [DEBUG   ]    DUPE skipped: Software Engineer 1
2026-06-11 17:34:24  [DEBUG   ]    DUPE skipped: Software Engineer 1
2026-06-11 17:34:24  [DEBUG   ]    DUPE skipped: Software Engineer 1
2026-06-11 17:34:24  [DEBUG   ]    DUPE skipped: Software Engineer 1 - Customer Relationship Management
2026-06-11 17:34:24  [DEBUG   ]    DUPE skipped: Software Engineer 1
2026-06-11 17:34:24  [DEBUG   ]    DUPE skipped: Software Engineer 1
2026-06-11 17:34:24  [DEBUG   ]    DUPE skipped: Entry Level Software Engineer
2026-06-11 17:34:24  [DEBUG   ]    DUPE skipped: Junior Software Developer
2026-06-11 17:34:24  [DEBUG   ]    DUPE skipped: Junior Software Engineer
2026-06-11 17:34:24  [DEBUG   ]    DUPE skipped: Software Engineer 1 - Service Network - Slack
2026-06-11 17:34:24  [DEBUG   ]    DUPE skipped: Software Engineer 1 - Service Network - Slack
2026-06-11 17:34:24  [DEBUG   ]    DUPE skipped: Software Engineer New Grad - Performance
2026-06-11 17:34:24  [DEBUG   ]    DUPE skipped: Software Engineer New Grad
2026-06-11 17:34:24  [DEBUG   ]    DUPE skipped: Software Engineer New Grad
2026-06-11 17:34:24  [DEBUG   ]    DUPE skipped: Software Engineer 1 - QA
2026-06-11 17:34:24  [DEBUG   ]    DUPE skipped: Software Engineer 1
2026-06-11 17:34:24  [DEBUG   ]    DUPE skipped: Software Engineer 1
2026-06-11 17:34:24  [DEBUG   ]    DUPE skipped: Junior Software Engineer - Full-Stack
2026-06-11 17:34:24  [DEBUG   ]    DUPE skipped: Software Engineer 1
2026-06-11 17:34:24  [DEBUG   ]    DUPE skipped: Software Engineer - Entry Level
2026-06-11 17:34:24  [DEBUG   ]    DUPE skipped: Software Engineer 1 - Metrics for Release Implementation
2026-06-11 17:34:24  [DEBUG   ]    DUPE skipped: Software Engineer 1 - Linux/HPC/Bash/Python/Docker/Gitlab/CI
2026-06-11 17:34:24  [DEBUG   ]    DUPE skipped: Software Engineer 1
2026-06-11 17:34:24  [DEBUG   ]    DUPE skipped: Junior Software Engineer
2026-06-11 17:34:24  [DEBUG   ]    DUPE skipped: Software Engineer 1 - AWS/Docker/Kubernetes/Java/Javascript/
2026-06-11 17:34:24  [DEBUG   ]    DUPE skipped: Software Engineer 0 - Java
2026-06-11 17:34:24  [DEBUG   ]    DUPE skipped: Software Engineer 1 - Java/Mapreduce/Cloud/Ghostmachine/QTA
2026-06-11 17:34:24  [DEBUG   ]    DUPE skipped: Software Engineer – New College Grad - Numerical Analysis - 
2026-06-11 17:34:24  [DEBUG   ]    DUPE skipped: Entry Level Software Engineer
2026-06-11 17:34:24  [DEBUG   ]    DUPE skipped: Software Engineer New Grad - Numerical Analysis - C++
2026-06-11 17:34:24  [DEBUG   ]    DUPE skipped: Software Engineer New Grad - Numerical Analysis - C++
2026-06-11 17:34:24  [DEBUG   ]    DUPE skipped: Software Engineer 1
2026-06-11 17:34:24  [DEBUG   ]    DUPE skipped: Software Engineer 1
2026-06-11 17:34:24  [DEBUG   ]    DUPE skipped: Software Engineer 1
2026-06-11 17:34:24  [DEBUG   ]    DUPE skipped: Entry Level Infrastructure Software Engineer
2026-06-11 17:34:24  [DEBUG   ]    DUPE skipped: Software Engineer 1
2026-06-11 17:34:24  [DEBUG   ]    DUPE skipped: Software Engineer 1
2026-06-11 17:34:24  [DEBUG   ]    DUPE skipped: Software Engineer 1
2026-06-11 17:34:24  [DEBUG   ]    DUPE skipped: Software Engineer New Grad
2026-06-11 17:34:24  [DEBUG   ]    DUPE skipped: Associate Software Engineer, Core Infrastructure - Moveworks
2026-06-11 17:34:24  [DEBUG   ]    DUPE skipped: Entry Level Software Engineer
2026-06-11 17:34:24  [DEBUG   ]    DUPE skipped: Software Engineer 1
2026-06-11 17:34:24  [DEBUG   ]    DUPE skipped: New Grad - Full-Stack
2026-06-11 17:34:24  [DEBUG   ]    DUPE skipped: Early Career Software Engineer
2026-06-11 17:34:24  [DEBUG   ]    DUPE skipped: Junior Software Developer
2026-06-11 17:34:24  [DEBUG   ]    DUPE skipped: Software Engineer 1 - Quality
2026-06-11 17:34:24  [DEBUG   ]    DUPE skipped: Junior RUST Embedded Software Engineer (cleared)
2026-06-11 17:34:24  [DEBUG   ]    DUPE skipped: Software Engineer - New Grad
2026-06-11 17:34:24  [DEBUG   ]    DUPE skipped: Junior C# Software Engineer
2026-06-11 17:34:24  [DEBUG   ]    DUPE skipped: Junior Software Engineer
2026-06-11 17:34:24  [DEBUG   ]    DUPE skipped: Junior Communications Systems Software Engineer
2026-06-11 17:34:24  [DEBUG   ]    DUPE skipped: Software Engineer 1 - Automation
2026-06-11 17:34:24  [DEBUG   ]    DUPE skipped: Software Engineer 1
2026-06-11 17:34:24  [DEBUG   ]    DUPE skipped: Software Engineer – New Grad
2026-06-11 17:34:24  [DEBUG   ]    DUPE skipped: Software Engineer – Early Career
2026-06-11 17:34:24  [DEBUG   ]    DUPE skipped: Software Engineer 1 Intern
2026-06-11 17:34:24  [DEBUG   ]    DUPE skipped: Junior Full Stack Engineer (Java/React)
2026-06-11 17:34:24  [DEBUG   ]    DUPE skipped: Software Engineer 1
2026-06-11 17:34:24  [DEBUG   ]    DUPE skipped: Software Engineer 1 - Commerce Engineering
2026-06-11 17:34:24  [DEBUG   ]    DUPE skipped: Software Engineer 1 - Commerce Engineering
2026-06-11 17:34:24  [DEBUG   ]    DUPE skipped: Junior Software Engineer
2026-06-11 17:34:24  [DEBUG   ]    DUPE skipped: Junior Software Engineer
2026-06-11 17:34:24  [DEBUG   ]    DUPE skipped: Junior Software Engineer
2026-06-11 17:34:24  [DEBUG   ]    DUPE skipped: Software Engineer 1
2026-06-11 17:34:24  [DEBUG   ]    DUPE skipped: Software Engineer, Frontend
2026-06-11 17:34:24  [DEBUG   ]    DUPE skipped: Software Engineer, Backend
2026-06-11 17:34:24  [DEBUG   ]    DUPE skipped: New Grad Software Engineer - Backend Rust
2026-06-11 17:34:24  [DEBUG   ]    DUPE skipped: Software Engineer 1
2026-06-11 17:34:24  [DEBUG   ]    DUPE skipped: BI Dashboard Software Engineer 1
2026-06-11 17:34:24  [DEBUG   ]    DUPE skipped: Software Engineer 1 - Frontend - Growth
2026-06-11 17:34:24  [DEBUG   ]    DUPE skipped: Junior Software Engineer
2026-06-11 17:34:24  [DEBUG   ]    DUPE skipped: Software Engineer 1
2026-06-11 17:34:24  [DEBUG   ]    DUPE skipped: Software Engineer 1 - Backend
2026-06-11 17:34:24  [DEBUG   ]    DUPE skipped: Junior Full Stack Engineer
2026-06-11 17:34:24  [DEBUG   ]    DUPE skipped: Software Engineer 1
2026-06-11 17:34:24  [DEBUG   ]    DUPE skipped: Software Engineer 1
2026-06-11 17:34:24  [DEBUG   ]    DUPE skipped: AI-First Software Engineer – Entry Level
2026-06-11 17:34:24  [DEBUG   ]    DUPE skipped: Software Engineer – New Grad
2026-06-11 17:34:24  [DEBUG   ]    DUPE skipped: Software Engineer – Early Career
2026-06-11 17:34:24  [DEBUG   ]    DUPE skipped: Software Engineer 1 - iOS
2026-06-11 17:34:24  [DEBUG   ]    DUPE skipped: Junior Software Engineer
2026-06-11 17:34:24  [DEBUG   ]    DUPE skipped: Software Engineer I C#
2026-06-11 17:34:24  [DEBUG   ]    DUPE skipped: Software Engineer 1 - Software Engineering
2026-06-11 17:34:24  [DEBUG   ]    DUPE skipped: Software Engineer – University Graduate - US
2026-06-11 17:34:24  [DEBUG   ]    DUPE skipped: Software Engineer 0
2026-06-11 17:34:24  [DEBUG   ]    DUPE skipped: Software Engineer 1
2026-06-11 17:34:24  [DEBUG   ]    DUPE skipped: Entry Level Data Engineer
2026-06-11 17:34:24  [DEBUG   ]    DUPE skipped: Data Engineer - Junior
2026-06-11 17:34:24  [DEBUG   ]    DUPE skipped: Data Engineer 1 - AWS WW Field Enablement - Analytics and Pr
2026-06-11 17:34:24  [DEBUG   ]    DUPE skipped: Data Engineer 1 - Multiple Teams
2026-06-11 17:34:24  [DEBUG   ]    DUPE skipped: Cosmos - Data Engineer 1
2026-06-11 17:34:24  [DEBUG   ]    DUPE skipped: Entry Level Software Developer - Data & Database Focus
2026-06-11 17:34:24  [DEBUG   ]    DUPE skipped: Software Engineer 1/2
2026-06-11 17:34:24  [DEBUG   ]    DUPE skipped: Software Engineer 1
2026-06-11 17:34:24  [DEBUG   ]    DUPE skipped: Software Engineer 1 - Instrument Software
2026-06-11 17:34:24  [DEBUG   ]    DUPE skipped: Senior Silicon Photonics Integration Engineer New Grad
2026-06-11 17:34:24  [DEBUG   ]    DUPE skipped: Software Engineer 1
2026-06-11 17:34:24  [DEBUG   ]    DUPE skipped: Software Engineer – Entry Level
2026-06-11 17:34:24  [DEBUG   ]    DUPE skipped: Software Engineer 1 - Firmware
2026-06-11 17:34:24  [DEBUG   ]    DUPE skipped: Software Engineer – New grad / early career
2026-06-11 17:34:24  [DEBUG   ]    DUPE skipped: Software Engineer 1 - Device Drivers
2026-06-11 17:34:24  [DEBUG   ]    DUPE skipped: Software Engineer 1
2026-06-11 17:34:24  [DEBUG   ]    DUPE skipped: Embedded Software Engineer 1
2026-06-11 17:34:24  [DEBUG   ]    DUPE skipped: Flight Software Engineer 1
2026-06-11 17:34:24  [DEBUG   ]    DUPE skipped: Software Engineer 1
2026-06-11 17:34:24  [DEBUG   ]    DUPE skipped: Embedded Linux Software Engineer 1
2026-06-11 17:34:24  [DEBUG   ]    DUPE skipped: Software Engineer – Early Career - Embedded Systems and Firm
2026-06-11 17:34:24  [DEBUG   ]    DUPE skipped: Software Engineer – New Grad - AI Platform
2026-06-11 17:34:24  [DEBUG   ]    DUPE skipped: Software Engineer Intern
2026-06-11 17:34:24  [DEBUG   ]    DUPE skipped: Software Engineer Co-op
2026-06-11 17:34:24  [DEBUG   ]    DUPE skipped: AI Software Engineer Intern - Transaction Platform
2026-06-11 17:34:24  [DEBUG   ]    DUPE skipped: Software Engineer Intern
2026-06-11 17:34:24  [DEBUG   ]    DUPE skipped: Global Tech Apprentice - Software Engineer
2026-06-11 17:34:24  [DEBUG   ]    DUPE skipped: Software Engineering Co-op
2026-06-11 17:34:24  [DEBUG   ]    DUPE skipped: Cloud Distributed Systems Backend Intern - Geforce NOW
2026-06-11 17:34:24  [DEBUG   ]    DUPE skipped: Software Developer Intern
2026-06-11 17:34:24  [DEBUG   ]    DUPE skipped: Software Engineer Intern - Engineering Automation Software E
2026-06-11 17:34:24  [DEBUG   ]    DUPE skipped: Service Engineering Intern - Software Engineering - Service 
2026-06-11 17:34:24  [DEBUG   ]    DUPE skipped: Software Engineer Intern - Software Engineer - AI Hardware I
2026-06-11 17:34:24  [DEBUG   ]    DUPE skipped: Software Engineer Intern - Vehicle UI Development
2026-06-11 17:34:24  [DEBUG   ]    DUPE skipped: Software Engineer Intern - Wireless Connectivity Software En
2026-06-11 17:34:24  [DEBUG   ]    DUPE skipped: Software Engineer Intern - Frontend Engineer - Applications 
2026-06-11 17:34:24  [DEBUG   ]    DUPE skipped: Software Engineer Intern - Fullstack Software Engineer - Fle
2026-06-11 17:34:24  [DEBUG   ]    DUPE skipped: Software Engineer Intern - Software Engineer - Energy Engine
2026-06-11 17:34:24  [DEBUG   ]    DUPE skipped: Application Engineering Co-op
2026-06-11 17:34:24  [DEBUG   ]    DUPE skipped: Junior Software Engineer Intern
2026-06-11 17:34:24  [DEBUG   ]    DUPE skipped: Software Engineer Intern - Developer Infrastructure
2026-06-11 17:34:24  [DEBUG   ]    DUPE skipped: Software Engineer Intern
2026-06-11 17:34:24  [DEBUG   ]    DUPE skipped: Software Engineer Co-op - Conversions API
2026-06-11 17:34:24  [DEBUG   ]    DUPE skipped: Software Engineer Intern
2026-06-11 17:34:24  [DEBUG   ]    DUPE skipped: Software Engineer Intern - Recommendation Infrastructure
2026-06-11 17:34:24  [DEBUG   ]    DUPE skipped: Software Engineer Intern
2026-06-11 17:34:24  [DEBUG   ]    DUPE skipped: Software Engineering Masters Intern
2026-06-11 17:34:24  [DEBUG   ]    DUPE skipped: AI Engineer Intern
2026-06-11 17:34:24  [DEBUG   ]    DUPE skipped: Computer Graphics Software Developer Intern
2026-06-11 17:34:24  [DEBUG   ]    DUPE skipped: Application Engineer Intern
2026-06-11 17:34:24  [DEBUG   ]    DUPE skipped: Software Engineer Intern
2026-06-11 17:34:24  [DEBUG   ]    DUPE skipped: Software Engineer Intern - Ovip
2026-06-11 17:34:24  [DEBUG   ]    DUPE skipped: Software Engineer Intern - Data
2026-06-11 17:34:24  [DEBUG   ]    DUPE skipped: Software Engineer Intern - Data Infrastructure and Tools
2026-06-11 17:34:24  [DEBUG   ]    DUPE skipped: Software Engineer Intern
2026-06-11 17:34:24  [DEBUG   ]    DUPE skipped: Software Engineer Intern - Infrastructure
2026-06-11 17:34:24  [DEBUG   ]    DUPE skipped: Software Engineer Intern
2026-06-11 17:34:24  [DEBUG   ]    DUPE skipped: Year at Palantir Intern - Forward Deployed Software Engineer
2026-06-11 17:34:24  [DEBUG   ]    DUPE skipped: Software Engineer Intern - Distributed Simulation Systems
2026-06-11 17:34:24  [DEBUG   ]    DUPE skipped: Software Engineer Intern - Quality and Efficiency Technology
2026-06-11 17:34:24  [DEBUG   ]    DUPE skipped: Data Acquisition Software Engineering Co-op
2026-06-11 17:34:24  [DEBUG   ]    DUPE skipped: AI Tooling Intern - Fullstack Engineer - AI Tooling
2026-06-11 17:34:24  [DEBUG   ]    DUPE skipped: Software Engineering Intern
2026-06-11 17:34:24  [DEBUG   ]    DUPE skipped: Software Engineering Intern
2026-06-11 17:34:24  [DEBUG   ]    DUPE skipped: Software Engineering Intern
2026-06-11 17:34:24  [DEBUG   ]    DUPE skipped: Software Engineering Internship – Platform/DevOps
2026-06-11 17:34:24  [DEBUG   ]    DUPE skipped: Software Engineering Internship – AI/Agentic Systems
2026-06-11 17:34:24  [DEBUG   ]    DUPE skipped: Applied AI Engineering Intern
2026-06-11 17:34:24  [DEBUG   ]    DUPE skipped: Software Engineer Intern - Technical Operations Team
2026-06-11 17:34:24  [DEBUG   ]    DUPE skipped: Software Engineering Intern - Backoffice Team
2026-06-11 17:34:24  [DEBUG   ]    DUPE skipped: Backend Engineer Intern
2026-06-11 17:34:24  [DEBUG   ]    DUPE skipped: AI/ML Software Engineer Intern - Data Platform
2026-06-11 17:34:24  [DEBUG   ]    DUPE skipped: AI Engineering Intern
2026-06-11 17:34:24  [DEBUG   ]    DUPE skipped: Software Engineer Intern - Multiple Teams
2026-06-11 17:34:24  [DEBUG   ]    DUPE skipped: Software Engineering Intern
2026-06-11 17:34:24  [DEBUG   ]    DUPE skipped: Software Engineer Project Intern - Recommendation Infrastruc
2026-06-11 17:34:24  [DEBUG   ]    DUPE skipped: Software Engineer Intern - AI-Native
2026-06-11 17:34:24  [DEBUG   ]    DUPE skipped: Software Engineering Intern
2026-06-11 17:34:24  [DEBUG   ]    DUPE skipped: AI Engineer Intern
2026-06-11 17:34:24  [DEBUG   ]    DUPE skipped: Data Engineer Intern - Data Engineer - Fleet Analytics
2026-06-11 17:34:24  [DEBUG   ]    DUPE skipped: Generative AI Engineer Intern
2026-06-11 17:34:24  [DEBUG   ]    DUPE skipped: Data Engineer Intern - Congressional Data
2026-06-11 17:34:24  [DEBUG   ]    DUPE skipped: Software Engineer Intern - Applied Machine Learning-Enterpri
2026-06-11 17:34:24  [DEBUG   ]    DUPE skipped: Photonics Data Engineer Intern - Data Management
2026-06-11 17:34:24  [DEBUG   ]    DUPE skipped: Software Engineering Intern - Data Science Engineering
2026-06-11 17:34:24  [DEBUG   ]    DUPE skipped: Quality Engineer Intern - ERP Data Migration - Quality Engin
2026-06-11 17:34:24  [DEBUG   ]    DUPE skipped: AI Engineer Intern
2026-06-11 17:34:24  [DEBUG   ]    DUPE skipped: Efficient ML Engineer Research Intern - AI Platform - PhD
2026-06-11 17:34:24  [DEBUG   ]    DUPE skipped: Data Engineer Intern - Multiple Teams
2026-06-11 17:34:24  [DEBUG   ]    DUPE skipped: Software Engineering Intern
2026-06-11 17:34:24  [DEBUG   ]    DUPE skipped: Embedded Software Engineer Intern - Embedded Software Engine
2026-06-11 17:34:24  [DEBUG   ]    DUPE skipped: Hardware Reliability & Test Engineer Intern
2026-06-11 17:34:24  [DEBUG   ]    DUPE skipped: Embedded Software Engineering Co-op
2026-06-11 17:34:24  [DEBUG   ]    DUPE skipped: Software Engineer Intern-Runtime - Robotics
2026-06-11 17:34:24  [DEBUG   ]    DUPE skipped: Software Engineer Intern - Robotics
2026-06-11 17:34:24  [DEBUG   ]    DUPE skipped: Hardware Test Engineering Intern
2026-06-11 17:34:24  [DEBUG   ]    DUPE skipped: Embedded Software Engineer Intern - AI Platforms - Embedded 
2026-06-11 17:34:24  [DEBUG   ]    DUPE skipped: AI Software Engineering Intern
2026-06-11 17:34:24  [DEBUG   ]    DUPE skipped: National Security Solutions – Software Engineering Intern - 
2026-06-11 17:34:24  [INFO    ]  Deduplication: 15 new  |  212 duplicates removed
2026-06-11 17:34:24  [INFO    ]  📄 Wrote 15 rows → jobs_2026-06-11.csv
2026-06-11 17:34:24  [DEBUG   ]  Saved 681 total seen IDs to seen_jobs.json
2026-06-11 17:34:24  [INFO    ]  
╔══════════════════════════════════════════════════════╗
2026-06-11 17:34:24  [INFO    ]  ║                JOB HUNT DAILY REPORT                 ║
2026-06-11 17:34:24  [INFO    ]  ║                      2026-06-11                      ║
2026-06-11 17:34:24  [INFO    ]  ╠══════════════════════════════════════════════════════╣
2026-06-11 17:34:24  [INFO    ]  ║  Jobs found:                 15                      ║
2026-06-11 17:34:24  [INFO    ]  ║  Networking events:          0                       ║
2026-06-11 17:34:24  [INFO    ]  ╠══════════════════════════════════════════════════════╣
2026-06-11 17:34:24  [INFO    ]  ║  Source                 Count                         ║
2026-06-11 17:34:24  [INFO    ]  ║  ────────────────────── ────────                      ║
2026-06-11 17:34:24  [INFO    ]  ║  GitHub/NewGrad         8                             ║
2026-06-11 17:34:24  [INFO    ]  ║  GitHub/Internship      4                             ║
2026-06-11 17:34:24  [INFO    ]  ║  RemoteOK               1                             ║
2026-06-11 17:34:24  [INFO    ]  ║  WeWorkRemotely         1                             ║
2026-06-11 17:34:24  [INFO    ]  ║  Jobicy                 1                             ║
2026-06-11 17:34:24  [INFO    ]  ╠══════════════════════════════════════════════════════╣
2026-06-11 17:34:24  [INFO    ]  ║  CSV: jobs_2026-06-11.csv                            ║
2026-06-11 17:34:24  [INFO    ]  ╚══════════════════════════════════════════════════════╝

2026-06-11 17:34:24  [INFO    ]  Done ✓
