2026-06-17 16:52:20  [INFO    ]  ============================================================
2026-06-17 16:52:20  [INFO    ]    JOB HUNTER  —  2026-06-17  —  Chan Hen
2026-06-17 16:52:20  [INFO    ]  ============================================================
2026-06-17 16:52:20  [DEBUG   ]  Loaded 731 previously seen IDs from seen_jobs.json
2026-06-17 16:52:20  [INFO    ]  🔍 RemoteOK ...
2026-06-17 16:52:21  [INFO    ]    ✓ RemoteOK → 2 relevant jobs
2026-06-17 16:52:21  [DEBUG   ]    fetch_remoteok added 2 raw entries
2026-06-17 16:52:22  [INFO    ]  🔍 Remotive ...
2026-06-17 16:52:24  [INFO    ]    ✓ Remotive → 1 relevant jobs
2026-06-17 16:52:24  [DEBUG   ]    fetch_remotive added 1 raw entries
2026-06-17 16:52:25  [INFO    ]  🔍 Arbeitnow ...
2026-06-17 16:52:26  [INFO    ]    ✓ Arbeitnow → 3 relevant jobs
2026-06-17 16:52:26  [DEBUG   ]    fetch_arbeitnow added 3 raw entries
2026-06-17 16:52:27  [INFO    ]  🔍 Himalayas ...
2026-06-17 16:52:27  [INFO    ]    ✓ Himalayas → 1 relevant jobs
2026-06-17 16:52:27  [DEBUG   ]    fetch_himalayas added 1 raw entries
2026-06-17 16:52:28  [INFO    ]  🔍 We Work Remotely ...
2026-06-17 16:52:30  [INFO    ]    ✓ We Work Remotely → 18 relevant jobs
2026-06-17 16:52:30  [DEBUG   ]    fetch_weworkremotely added 18 raw entries
2026-06-17 16:52:31  [INFO    ]  🔍 Jobicy ...
2026-06-17 16:52:37  [INFO    ]    ✓ Jobicy → 2 relevant jobs
2026-06-17 16:52:37  [DEBUG   ]    fetch_jobicy added 2 raw entries
2026-06-17 16:52:38  [INFO    ]  🔍 GitHub job repos ...
2026-06-17 16:52:38  [INFO    ]    ✓ GitHub job repos → 181 relevant jobs
2026-06-17 16:52:38  [DEBUG   ]    fetch_github_jobs added 181 raw entries
2026-06-17 16:52:39  [INFO    ]  🔍 Adzuna ...
2026-06-17 16:52:41  [INFO    ]    ✓ Adzuna → 0 relevant jobs
2026-06-17 16:52:41  [DEBUG   ]    fetch_adzuna added 0 raw entries
2026-06-17 16:52:42  [INFO    ]  🔍 Eventbrite networking events ...
2026-06-17 16:52:42  [WARNING ]      GET failed [https://www.eventbriteapi.com/v3/events/search/...]: 404 Client Error: NOT FOUND for url: https://www.eventbriteapi.com/v3/events/search/?token=NG2I5TIJWMQPU5GSUM3Z&q=software+engineer+networking&sort_by=date&start_date.keyword=today&location.address=Minneapolis%2C+MN&location.within=50mi
2026-06-17 16:52:42  [WARNING ]      GET failed [https://www.eventbriteapi.com/v3/events/search/...]: 404 Client Error: NOT FOUND for url: https://www.eventbriteapi.com/v3/events/search/?token=NG2I5TIJWMQPU5GSUM3Z&q=tech+meetup+developer&sort_by=date&start_date.keyword=today&location.address=Minneapolis%2C+MN&location.within=50mi
2026-06-17 16:52:43  [WARNING ]      GET failed [https://www.eventbriteapi.com/v3/events/search/...]: 404 Client Error: NOT FOUND for url: https://www.eventbriteapi.com/v3/events/search/?token=NG2I5TIJWMQPU5GSUM3Z&q=startup+networking+tech&sort_by=date&start_date.keyword=today&location.address=Minneapolis%2C+MN&location.within=50mi
2026-06-17 16:52:43  [WARNING ]      GET failed [https://www.eventbriteapi.com/v3/events/search/...]: 404 Client Error: NOT FOUND for url: https://www.eventbriteapi.com/v3/events/search/?token=NG2I5TIJWMQPU5GSUM3Z&q=react+javascript+developer&sort_by=date&start_date.keyword=today&online_events_only=true
2026-06-17 16:52:43  [WARNING ]      GET failed [https://www.eventbriteapi.com/v3/events/search/...]: 404 Client Error: NOT FOUND for url: https://www.eventbriteapi.com/v3/events/search/?token=NG2I5TIJWMQPU5GSUM3Z&q=software+engineer+career+fair&sort_by=date&start_date.keyword=today&online_events_only=true
2026-06-17 16:52:43  [INFO    ]    ✓ Eventbrite → 0 networking events
2026-06-17 16:52:43  [DEBUG   ]    fetch_eventbrite_networking added 0 raw entries
2026-06-17 16:52:44  [INFO    ]  Total raw entries across all sources: 208
2026-06-17 16:52:44  [DEBUG   ]    DUPE skipped: Junior Front End Developer
2026-06-17 16:52:44  [DEBUG   ]    DUPE skipped: Junior ML Engineer
2026-06-17 16:52:44  [DEBUG   ]    DUPE skipped: Fullstack / Product Engineer (f/m/d) for Flutter & Node.js (
2026-06-17 16:52:44  [DEBUG   ]    DUPE skipped: Full Stack Software Developer 80-100% (f/m/x)
2026-06-17 16:52:44  [DEBUG   ]    DUPE skipped: Web Developer (Remote)
2026-06-17 16:52:44  [DEBUG   ]    DUPE skipped: Webapp Offensive Security Software Engineer
2026-06-17 16:52:44  [DEBUG   ]    DUPE skipped: Backend Engineer, 80-100% (f/m/x)
2026-06-17 16:52:44  [DEBUG   ]    DUPE skipped: Full-Stack Developer — .NET + React + Azure — Remote (US)
2026-06-17 16:52:44  [DEBUG   ]    DUPE skipped: DevOps Engineer
2026-06-17 16:52:44  [DEBUG   ]    DUPE skipped: DevOps Engineer
2026-06-17 16:52:44  [DEBUG   ]    DUPE skipped: Network DevOps Engineer, RDMA Fabric Automation
2026-06-17 16:52:44  [DEBUG   ]    DUPE skipped: Full Stack Product Engineer
2026-06-17 16:52:44  [DEBUG   ]    DUPE skipped: DevOps Engineer
2026-06-17 16:52:44  [DEBUG   ]    DUPE skipped: Full-Stack JavaScript Engineer (Remote - LATAM or Europe)
2026-06-17 16:52:44  [DEBUG   ]    DUPE skipped: DevOps Engineer, Futures
2026-06-17 16:52:44  [DEBUG   ]    DUPE skipped: Software engineer
2026-06-17 16:52:44  [DEBUG   ]    DUPE skipped: Localization Web Developer
2026-06-17 16:52:44  [DEBUG   ]    DUPE skipped: Web Developer
2026-06-17 16:52:44  [DEBUG   ]    DUPE skipped: Front End Web Developer, WFH
2026-06-17 16:52:44  [DEBUG   ]    DUPE skipped: Frontend Engineer
2026-06-17 16:52:44  [DEBUG   ]    DUPE skipped: Python & React Engineer with AI (Remote, Latam)
2026-06-17 16:52:44  [DEBUG   ]    DUPE skipped: Frontend Engineer React and AWS
2026-06-17 16:52:44  [DEBUG   ]    DUPE skipped: Full-Stack Engineer
2026-06-17 16:52:44  [DEBUG   ]    DUPE skipped: Software Engineer 1
2026-06-17 16:52:44  [DEBUG   ]    DUPE skipped: Java Software Engineer 1 - Full-Stack - Financial Crimes
2026-06-17 16:52:44  [DEBUG   ]    DUPE skipped: Raytheon Software Engineer 1 - Electro-Optical/Infrared Adva
2026-06-17 16:52:44  [DEBUG   ]    DUPE skipped: Entry Level Software Developer – Graduate Leadership Program
2026-06-17 16:52:44  [DEBUG   ]    DUPE skipped: Software Engineer New Grad
2026-06-17 16:52:44  [DEBUG   ]    DUPE skipped: Software Engineer New Grad
2026-06-17 16:52:44  [DEBUG   ]    DUPE skipped: Software Engineer 1
2026-06-17 16:52:44  [DEBUG   ]    DUPE skipped: Software Engineer 1
2026-06-17 16:52:44  [DEBUG   ]    DUPE skipped: Junior Software Developer
2026-06-17 16:52:44  [DEBUG   ]    DUPE skipped: Junior Software Engineer
2026-06-17 16:52:44  [DEBUG   ]    DUPE skipped: Software Engineer New Grad - Performance
2026-06-17 16:52:44  [DEBUG   ]    DUPE skipped: Software Engineer New Grad
2026-06-17 16:52:44  [DEBUG   ]    DUPE skipped: Software Engineer New Grad
2026-06-17 16:52:44  [DEBUG   ]    DUPE skipped: Software Engineer 1 - QA
2026-06-17 16:52:44  [DEBUG   ]    DUPE skipped: Software Engineer 1
2026-06-17 16:52:44  [DEBUG   ]    DUPE skipped: Software Engineer 1
2026-06-17 16:52:44  [DEBUG   ]    DUPE skipped: Junior Software Engineer - Full-Stack
2026-06-17 16:52:44  [DEBUG   ]    DUPE skipped: Software Engineer 1
2026-06-17 16:52:44  [DEBUG   ]    DUPE skipped: Software Engineer - Entry Level
2026-06-17 16:52:44  [DEBUG   ]    DUPE skipped: Software Engineer 1 - Metrics for Release Implementation
2026-06-17 16:52:44  [DEBUG   ]    DUPE skipped: Software Engineer 1 - Linux/HPC/Bash/Python/Docker/Gitlab/CI
2026-06-17 16:52:44  [DEBUG   ]    DUPE skipped: Software Engineer 1
2026-06-17 16:52:44  [DEBUG   ]    DUPE skipped: Junior Software Engineer
2026-06-17 16:52:44  [DEBUG   ]    DUPE skipped: Entry Level Software Engineer
2026-06-17 16:52:44  [DEBUG   ]    DUPE skipped: Software Engineer 1
2026-06-17 16:52:44  [DEBUG   ]    DUPE skipped: Entry Level Infrastructure Software Engineer
2026-06-17 16:52:44  [DEBUG   ]    DUPE skipped: Software Engineer 1
2026-06-17 16:52:44  [DEBUG   ]    DUPE skipped: Software Engineer 1
2026-06-17 16:52:44  [DEBUG   ]    DUPE skipped: Software Engineer New Grad
2026-06-17 16:52:44  [DEBUG   ]    DUPE skipped: Associate Software Engineer, Core Infrastructure - Moveworks
2026-06-17 16:52:44  [DEBUG   ]    DUPE skipped: Entry Level Software Engineer
2026-06-17 16:52:44  [DEBUG   ]    DUPE skipped: Early Career Software Engineer
2026-06-17 16:52:44  [DEBUG   ]    DUPE skipped: Junior Software Developer
2026-06-17 16:52:44  [DEBUG   ]    DUPE skipped: Software Engineer 1 - Quality
2026-06-17 16:52:44  [DEBUG   ]    DUPE skipped: Software Engineer 1
2026-06-17 16:52:44  [DEBUG   ]    DUPE skipped: Software Engineer - New Grad
2026-06-17 16:52:44  [DEBUG   ]    DUPE skipped: Junior C# Software Engineer
2026-06-17 16:52:44  [DEBUG   ]    DUPE skipped: Junior Software Engineer
2026-06-17 16:52:44  [DEBUG   ]    DUPE skipped: Junior Communications Systems Software Engineer
2026-06-17 16:52:44  [DEBUG   ]    DUPE skipped: Software Engineer 1 - Automation
2026-06-17 16:52:44  [DEBUG   ]    DUPE skipped: Software Engineer 1
2026-06-17 16:52:44  [DEBUG   ]    DUPE skipped: Software Engineer 1
2026-06-17 16:52:44  [DEBUG   ]    DUPE skipped: Software Engineer – New Grad
2026-06-17 16:52:44  [DEBUG   ]    DUPE skipped: Software Engineer – Early Career
2026-06-17 16:52:44  [DEBUG   ]    DUPE skipped: Software Engineer 1 Intern
2026-06-17 16:52:44  [DEBUG   ]    DUPE skipped: Junior Full Stack Engineer (Java/React)
2026-06-17 16:52:44  [DEBUG   ]    DUPE skipped: Software Engineer 1
2026-06-17 16:52:44  [DEBUG   ]    DUPE skipped: Software Engineer 1 - Commerce Engineering
2026-06-17 16:52:44  [DEBUG   ]    DUPE skipped: Software Engineer 1 - Commerce Engineering
2026-06-17 16:52:44  [DEBUG   ]    DUPE skipped: Junior Software Engineer
2026-06-17 16:52:44  [DEBUG   ]    DUPE skipped: Junior Software Engineer
2026-06-17 16:52:44  [DEBUG   ]    DUPE skipped: Software Engineer 1
2026-06-17 16:52:44  [DEBUG   ]    DUPE skipped: Software Engineer, Frontend
2026-06-17 16:52:44  [DEBUG   ]    DUPE skipped: Software Engineer, Backend
2026-06-17 16:52:44  [DEBUG   ]    DUPE skipped: New Grad Software Engineer - Backend Rust
2026-06-17 16:52:44  [DEBUG   ]    DUPE skipped: Software Engineer 1
2026-06-17 16:52:44  [DEBUG   ]    DUPE skipped: BI Dashboard Software Engineer 1
2026-06-17 16:52:44  [DEBUG   ]    DUPE skipped: Software Engineer 1 - Frontend - Growth
2026-06-17 16:52:44  [DEBUG   ]    DUPE skipped: Junior Software Engineer
2026-06-17 16:52:44  [DEBUG   ]    DUPE skipped: Software Engineer 1
2026-06-17 16:52:44  [DEBUG   ]    DUPE skipped: Software Engineer 1 - Backend
2026-06-17 16:52:44  [DEBUG   ]    DUPE skipped: Software Engineering AMTS/MTS – College Grad
2026-06-17 16:52:44  [DEBUG   ]    DUPE skipped: Junior Full Stack Engineer
2026-06-17 16:52:44  [DEBUG   ]    DUPE skipped: Software Engineer 1
2026-06-17 16:52:44  [DEBUG   ]    DUPE skipped: AI-First Software Engineer – Entry Level
2026-06-17 16:52:44  [DEBUG   ]    DUPE skipped: Software Engineer – New Grad
2026-06-17 16:52:44  [DEBUG   ]    DUPE skipped: Software Engineer – Early Career
2026-06-17 16:52:44  [DEBUG   ]    DUPE skipped: Software Engineer 1 - iOS
2026-06-17 16:52:44  [DEBUG   ]    DUPE skipped: Junior Software Engineer
2026-06-17 16:52:44  [DEBUG   ]    DUPE skipped: Software Engineer I C#
2026-06-17 16:52:44  [DEBUG   ]    DUPE skipped: Software Engineer 1 - Software Engineering
2026-06-17 16:52:44  [DEBUG   ]    DUPE skipped: Software Engineer – University Graduate - US
2026-06-17 16:52:44  [DEBUG   ]    DUPE skipped: Software Engineer 0
2026-06-17 16:52:44  [DEBUG   ]    DUPE skipped: Data Engineer – University Grad - Product Analytics
2026-06-17 16:52:44  [DEBUG   ]    DUPE skipped: Data Engineer 1
2026-06-17 16:52:44  [DEBUG   ]    DUPE skipped: Entry Level Data Engineer
2026-06-17 16:52:44  [DEBUG   ]    DUPE skipped: Data Engineer - Junior
2026-06-17 16:52:44  [DEBUG   ]    DUPE skipped: Cosmos - Data Engineer 1
2026-06-17 16:52:44  [DEBUG   ]    DUPE skipped: Entry Level Software Developer - Data & Database Focus
2026-06-17 16:52:44  [DEBUG   ]    DUPE skipped: AI Software Engineer New Grad - Kernel Libraries
2026-06-17 16:52:44  [DEBUG   ]    DUPE skipped: Software Engineer 1 - Instrument Software
2026-06-17 16:52:44  [DEBUG   ]    DUPE skipped: Software Engineer – Entry Level
2026-06-17 16:52:44  [DEBUG   ]    DUPE skipped: Software Engineer 1 - Firmware
2026-06-17 16:52:44  [DEBUG   ]    DUPE skipped: Software Engineer – New grad / early career
2026-06-17 16:52:44  [DEBUG   ]    DUPE skipped: Software Engineer 1 - Device Drivers
2026-06-17 16:52:44  [DEBUG   ]    DUPE skipped: Software Engineer 1
2026-06-17 16:52:44  [DEBUG   ]    DUPE skipped: Embedded Software Engineer 1
2026-06-17 16:52:44  [DEBUG   ]    DUPE skipped: Flight Software Engineer 1
2026-06-17 16:52:44  [DEBUG   ]    DUPE skipped: Software Engineer AV HIL Platform and Services – University 
2026-06-17 16:52:44  [DEBUG   ]    DUPE skipped: Software Engineer 1
2026-06-17 16:52:44  [DEBUG   ]    DUPE skipped: Software Engineer – New Grad - AI Platform
2026-06-17 16:52:44  [DEBUG   ]    DUPE skipped: Backend Software Engineer Intern - Media Platform
2026-06-17 16:52:44  [DEBUG   ]    DUPE skipped: Software Engineer Intern - Monetization Technology
2026-06-17 16:52:44  [DEBUG   ]    DUPE skipped: Software Engineer Intern
2026-06-17 16:52:44  [DEBUG   ]    DUPE skipped: Software Engineer Intern
2026-06-17 16:52:44  [DEBUG   ]    DUPE skipped: Full Stack Engineer Intern
2026-06-17 16:52:44  [DEBUG   ]    DUPE skipped: AI Software Engineer Intern
2026-06-17 16:52:44  [DEBUG   ]    DUPE skipped: Generator Application Engineer Associate Internship
2026-06-17 16:52:44  [DEBUG   ]    DUPE skipped: Software Engineer Intern - Payroll
2026-06-17 16:52:44  [DEBUG   ]    DUPE skipped: Software Engineer Intern - Invoicing & Payments
2026-06-17 16:52:44  [DEBUG   ]    DUPE skipped: Field Application Engineer Intern
2026-06-17 16:52:44  [DEBUG   ]    DUPE skipped: AI Software Engineer Intern - Transaction Platform
2026-06-17 16:52:44  [DEBUG   ]    DUPE skipped: Software Engineer Intern
2026-06-17 16:52:44  [DEBUG   ]    DUPE skipped: Software Engineering Co-op
2026-06-17 16:52:44  [DEBUG   ]    DUPE skipped: Software Engineer Intern - Engineering Automation Software E
2026-06-17 16:52:44  [DEBUG   ]    DUPE skipped: Service Engineering Intern - Software Engineering - Service 
2026-06-17 16:52:44  [DEBUG   ]    DUPE skipped: Software Engineer Intern - Software Engineer - AI Hardware I
2026-06-17 16:52:44  [DEBUG   ]    DUPE skipped: Software Engineer Intern - Vehicle UI Development
2026-06-17 16:52:44  [DEBUG   ]    DUPE skipped: Software Engineer Intern - Wireless Connectivity Software En
2026-06-17 16:52:44  [DEBUG   ]    DUPE skipped: Software Engineer Intern - Frontend Engineer - Applications 
2026-06-17 16:52:44  [DEBUG   ]    DUPE skipped: Software Engineer Intern - Fullstack Software Engineer - Fle
2026-06-17 16:52:44  [DEBUG   ]    DUPE skipped: Software Engineer Intern - Software Engineer - Energy Engine
2026-06-17 16:52:44  [DEBUG   ]    DUPE skipped: Junior Software Engineer Intern
2026-06-17 16:52:44  [DEBUG   ]    DUPE skipped: Software Engineer Intern - Developer Infrastructure
2026-06-17 16:52:44  [DEBUG   ]    DUPE skipped: Software Engineer Intern
2026-06-17 16:52:44  [DEBUG   ]    DUPE skipped: Software Engineer Intern
2026-06-17 16:52:44  [DEBUG   ]    DUPE skipped: Software Engineer Intern - Recommendation Infrastructure
2026-06-17 16:52:44  [DEBUG   ]    DUPE skipped: Software Engineer Intern
2026-06-17 16:52:44  [DEBUG   ]    DUPE skipped: Software Engineering Masters Intern
2026-06-17 16:52:44  [DEBUG   ]    DUPE skipped: AI Engineer Intern
2026-06-17 16:52:44  [DEBUG   ]    DUPE skipped: Computer Graphics Software Developer Intern
2026-06-17 16:52:44  [DEBUG   ]    DUPE skipped: Application Engineer Intern
2026-06-17 16:52:44  [DEBUG   ]    DUPE skipped: Software Engineer Intern
2026-06-17 16:52:44  [DEBUG   ]    DUPE skipped: Software Engineer Intern - Ovip
2026-06-17 16:52:44  [DEBUG   ]    DUPE skipped: Software Engineer Intern - Data
2026-06-17 16:52:44  [DEBUG   ]    DUPE skipped: Software Engineer Intern - Data Infrastructure and Tools
2026-06-17 16:52:44  [DEBUG   ]    DUPE skipped: Software Engineer Intern
2026-06-17 16:52:44  [DEBUG   ]    DUPE skipped: Software Engineer Intern - Infrastructure
2026-06-17 16:52:44  [DEBUG   ]    DUPE skipped: Software Engineer Intern
2026-06-17 16:52:44  [DEBUG   ]    DUPE skipped: Year at Palantir Intern - Forward Deployed Software Engineer
2026-06-17 16:52:44  [DEBUG   ]    DUPE skipped: Software Engineer Intern - Distributed Simulation Systems
2026-06-17 16:52:44  [DEBUG   ]    DUPE skipped: Data Acquisition Software Engineering Co-op
2026-06-17 16:52:44  [DEBUG   ]    DUPE skipped: AI Tooling Intern - Fullstack Engineer - AI Tooling
2026-06-17 16:52:44  [DEBUG   ]    DUPE skipped: Software Engineering Intern
2026-06-17 16:52:44  [DEBUG   ]    DUPE skipped: Software Engineering Internship – Platform/DevOps
2026-06-17 16:52:44  [DEBUG   ]    DUPE skipped: Software Engineering Internship – AI/Agentic Systems
2026-06-17 16:52:44  [DEBUG   ]    DUPE skipped: Applied AI Engineering Intern
2026-06-17 16:52:44  [DEBUG   ]    DUPE skipped: Software Engineer Intern - Technical Operations Team
2026-06-17 16:52:44  [DEBUG   ]    DUPE skipped: Software Engineering Intern - Backoffice Team
2026-06-17 16:52:44  [DEBUG   ]    DUPE skipped: AI Engineering Intern
2026-06-17 16:52:44  [DEBUG   ]    DUPE skipped: Software Engineering Intern
2026-06-17 16:52:44  [DEBUG   ]    DUPE skipped: Software Engineer Project Intern - Recommendation Infrastruc
2026-06-17 16:52:44  [DEBUG   ]    DUPE skipped: Data Engineer Co-op
2026-06-17 16:52:44  [DEBUG   ]    DUPE skipped: Data Engineer Co-op - Operational Support
2026-06-17 16:52:44  [DEBUG   ]    DUPE skipped: AI Engineer Intern
2026-06-17 16:52:44  [DEBUG   ]    DUPE skipped: Data Engineer Intern - Data Engineer - Fleet Analytics
2026-06-17 16:52:44  [DEBUG   ]    DUPE skipped: Generative AI Engineer Intern
2026-06-17 16:52:44  [DEBUG   ]    DUPE skipped: Data Engineer Intern - Congressional Data
2026-06-17 16:52:44  [DEBUG   ]    DUPE skipped: Software Engineer Intern - Applied Machine Learning-Enterpri
2026-06-17 16:52:44  [DEBUG   ]    DUPE skipped: Photonics Data Engineer Intern - Data Management
2026-06-17 16:52:44  [DEBUG   ]    DUPE skipped: Software Engineering Intern - Data Science Engineering
2026-06-17 16:52:44  [DEBUG   ]    DUPE skipped: AI Engineer Intern
2026-06-17 16:52:44  [DEBUG   ]    DUPE skipped: Data Engineer Intern - Multiple Teams
2026-06-17 16:52:44  [DEBUG   ]    DUPE skipped: Embedded Software Engineer Intern - Embedded Software Engine
2026-06-17 16:52:44  [DEBUG   ]    DUPE skipped: Hardware Reliability & Test Engineer Intern
2026-06-17 16:52:44  [DEBUG   ]    DUPE skipped: Embedded Software Engineering Co-op
2026-06-17 16:52:44  [DEBUG   ]    DUPE skipped: Software Engineer Intern-Runtime - Robotics
2026-06-17 16:52:44  [DEBUG   ]    DUPE skipped: Software Engineer Intern - Robotics
2026-06-17 16:52:44  [DEBUG   ]    DUPE skipped: Hardware Test Engineering Intern
2026-06-17 16:52:44  [DEBUG   ]    DUPE skipped: Embedded Software Engineer Intern - AI Platforms - Embedded 
2026-06-17 16:52:44  [DEBUG   ]    DUPE skipped: AI Software Engineering Intern
2026-06-17 16:52:44  [INFO    ]  Deduplication: 24 new  |  184 duplicates removed
2026-06-17 16:52:44  [INFO    ]  📄 Wrote 24 rows → jobs_2026-06-17.csv
2026-06-17 16:52:44  [DEBUG   ]  Saved 755 total seen IDs to seen_jobs.json
2026-06-17 16:52:44  [INFO    ]  
╔══════════════════════════════════════════════════════╗
2026-06-17 16:52:44  [INFO    ]  ║                JOB HUNT DAILY REPORT                 ║
2026-06-17 16:52:44  [INFO    ]  ║                      2026-06-17                      ║
2026-06-17 16:52:44  [INFO    ]  ╠══════════════════════════════════════════════════════╣
2026-06-17 16:52:44  [INFO    ]  ║  Jobs found:                 24                      ║
2026-06-17 16:52:44  [INFO    ]  ║  Networking events:          0                       ║
2026-06-17 16:52:44  [INFO    ]  ╠══════════════════════════════════════════════════════╣
2026-06-17 16:52:44  [INFO    ]  ║  Source                 Count                         ║
2026-06-17 16:52:44  [INFO    ]  ║  ────────────────────── ────────                      ║
2026-06-17 16:52:44  [INFO    ]  ║  GitHub/NewGrad         10                            ║
2026-06-17 16:52:44  [INFO    ]  ║  GitHub/Internship      9                             ║
2026-06-17 16:52:44  [INFO    ]  ║  Arbeitnow              2                             ║
2026-06-17 16:52:44  [INFO    ]  ║  Remotive               1                             ║
2026-06-17 16:52:44  [INFO    ]  ║  Himalayas              1                             ║
2026-06-17 16:52:44  [INFO    ]  ║  WeWorkRemotely         1                             ║
2026-06-17 16:52:44  [INFO    ]  ╠══════════════════════════════════════════════════════╣
2026-06-17 16:52:44  [INFO    ]  ║  CSV: jobs_2026-06-17.csv                            ║
2026-06-17 16:52:44  [INFO    ]  ╚══════════════════════════════════════════════════════╝

2026-06-17 16:52:44  [INFO    ]  Done ✓
